# JRE version: OpenJDK Runtime Environment (11.0.2+9) (build 11.0.2+9)
# Java VM: OpenJDK 64-Bit Server VM (11.0.2+9, mixed mode, tiered, compressed oops, g1 gc, windows-amd64)
Heap:
 garbage-first heap   total 166912K, used 104190K [0x0000000740000000, 0x0000000800000000)
  region size 1024K, 11 young (11264K), 0 survivors (0K)
 Metaspace       used 100850K, capacity 103571K, committed 103708K, reserved 1138688K
  class space    used 13936K, capacity 15198K, committed 15308K, reserved 1048576K
GC Heap History (10 events):
Event: 2907.501 GC heap before
{Heap before GC invocations=279 (full 3):
 garbage-first heap   total 166912K, used 154943K [0x0000000740000000, 0x0000000800000000)
  region size 1024K, 60 young (61440K), 0 survivors (0K)
 Metaspace       used 100394K, capacity 103029K, committed 103324K, reserved 1138688K
  class space    used 13871K, capacity 15082K, committed 15180K, reserved 1048576K
}
Event: 2907.505 GC heap after
{Heap after GC invocations=280 (full 3):
 garbage-first heap   total 166912K, used 94199K [0x0000000740000000, 0x0000000800000000)
  region size 1024K, 1 young (1024K), 1 survivors (1024K)
 Metaspace       used 100394K, capacity 103029K, committed 103324K, reserved 1138688K
  class space    used 13871K, capacity 15082K, committed 15180K, reserved 1048576K
}
Event: 2924.888 GC heap before
{Heap before GC invocations=281 (full 3):
 garbage-first heap   total 166912K, used 154615K [0x0000000740000000, 0x0000000800000000)
  region size 1024K, 60 young (61440K), 1 survivors (1024K)
 Metaspace       used 100686K, capacity 103408K, committed 103580K, reserved 1138688K
  class space    used 13925K, capacity 15165K, committed 15180K, reserved 1048576K
}
Event: 2924.896 GC heap after
{Heap after GC invocations=282 (full 3):
 garbage-first heap   total 166912K, used 94504K [0x0000000740000000, 0x0000000800000000)
  region size 1024K, 1 young (1024K), 1 survivors (1024K)
 Metaspace       used 100686K, capacity 103408K, committed 103580K, reserved 1138688K
  class space    used 13925K, capacity 15165K, committed 15180K, reserved 1048576K
}
Event: 2938.312 GC heap before
{Heap before GC invocations=282 (full 3):
 garbage-first heap   total 166912K, used 154920K [0x0000000740000000, 0x0000000800000000)
  region size 1024K, 60 young (61440K), 1 survivors (1024K)
 Metaspace       used 100758K, capacity 103475K, committed 103580K, reserved 1138688K
  class space    used 13926K, capacity 15166K, committed 15180K, reserved 1048576K
}
Event: 2938.317 GC heap after
{Heap after GC invocations=283 (full 3):
 garbage-first heap   total 166912K, used 94954K [0x0000000740000000, 0x0000000800000000)
  region size 1024K, 2 young (2048K), 2 survivors (2048K)
 Metaspace       used 100758K, capacity 103475K, committed 103580K, reserved 1138688K
  class space    used 13926K, capacity 15166K, committed 15180K, reserved 1048576K
}
Event: 2955.462 GC heap before
{Heap before GC invocations=284 (full 3):
 garbage-first heap   total 166912K, used 154346K [0x0000000740000000, 0x0000000800000000)
  region size 1024K, 60 young (61440K), 2 survivors (2048K)
 Metaspace       used 100784K, capacity 103475K, committed 103580K, reserved 1138688K
  class space    used 13926K, capacity 15166K, committed 15180K, reserved 1048576K
}
Event: 2955.469 GC heap after
{Heap after GC invocations=285 (full 3):
 garbage-first heap   total 166912K, used 94772K [0x0000000740000000, 0x0000000800000000)
  region size 1024K, 2 young (2048K), 2 survivors (2048K)
 Metaspace       used 100784K, capacity 103475K, committed 103580K, reserved 1138688K
  class space    used 13926K, capacity 15166K, committed 15180K, reserved 1048576K
}
Event: 2966.674 GC heap before
{Heap before GC invocations=285 (full 3):
 garbage-first heap   total 166912K, used 123444K [0x0000000740000000, 0x0000000800000000)
  region size 1024K, 31 young (31744K), 2 survivors (2048K)
 Metaspace       used 100835K, capacity 103571K, committed 103708K, reserved 1138688K
  class space    used 13936K, capacity 15198K, committed 15308K, reserved 1048576K
}
Event: 2966.825 GC heap after
{Heap after GC invocations=286 (full 4):
 garbage-first heap   total 166912K, used 93950K [0x0000000740000000, 0x0000000800000000)
  region size 1024K, 0 young (0K), 0 survivors (0K)
 Metaspace       used 100835K, capacity 103571K, committed 103708K, reserved 1138688K
  class space    used 13936K, capacity 15198K, committed 15308K, reserved 1048576K
}

